D:\TOOLS\COCOS2D-2.1BETA3-X-2.1.1\DEBUG.WIN32\MOONWARRIORS.WIN32.EXE
D:\TOOLS\COCOS2D-2.1BETA3-X-2.1.1\DEBUG.WIN32\MOONWARRIORS.WIN32.ILK
D:\TOOLS\COCOS2D-2.1BETA3-X-2.1.1\DEBUG.WIN32\MOONWARRIORS.WIN32.PDB
E:\COCOS2D-X-2.2.2\COCOS2D-X-2.2.2\DEBUG.WIN32\MOONWARRIORS.WIN32.EXE
E:\COCOS2D-X-2.2.2\COCOS2D-X-2.2.2\DEBUG.WIN32\MOONWARRIORS.WIN32.ILK
E:\COCOS2D-X-2.2.2\COCOS2D-X-2.2.2\DEBUG.WIN32\MOONWARRIORS.WIN32.PDB
E:\COCOS2D-X-2.2.2\COCOS2D-X-2.2.2\MOONWARRIORS\PROJ.WIN32\DEBUG.WIN32\ABOUT.OBJ
E:\COCOS2D-X-2.2.2\COCOS2D-X-2.2.2\MOONWARRIORS\PROJ.WIN32\DEBUG.WIN32\APPDELEGATE.OBJ
E:\COCOS2D-X-2.2.2\COCOS2D-X-2.2.2\MOONWARRIORS\PROJ.WIN32\DEBUG.WIN32\BULLET.OBJ
E:\cocos2d-x-2.2.2\cocos2d-x-2.2.2\MoonWarriors\proj.win32\Debug.win32\cl.command.1.tlog
E:\cocos2d-x-2.2.2\cocos2d-x-2.2.2\MoonWarriors\proj.win32\Debug.win32\CL.read.1.tlog
E:\cocos2d-x-2.2.2\cocos2d-x-2.2.2\MoonWarriors\proj.win32\Debug.win32\CL.write.1.tlog
E:\COCOS2D-X-2.2.2\COCOS2D-X-2.2.2\MOONWARRIORS\PROJ.WIN32\DEBUG.WIN32\CONFIG.OBJ
E:\COCOS2D-X-2.2.2\COCOS2D-X-2.2.2\MOONWARRIORS\PROJ.WIN32\DEBUG.WIN32\EFFECT.OBJ
E:\COCOS2D-X-2.2.2\COCOS2D-X-2.2.2\MOONWARRIORS\PROJ.WIN32\DEBUG.WIN32\ENEMY.OBJ
E:\COCOS2D-X-2.2.2\COCOS2D-X-2.2.2\MOONWARRIORS\PROJ.WIN32\DEBUG.WIN32\GAMELAYER.OBJ
E:\COCOS2D-X-2.2.2\COCOS2D-X-2.2.2\MOONWARRIORS\PROJ.WIN32\DEBUG.WIN32\GAMEOVER.OBJ
E:\COCOS2D-X-2.2.2\COCOS2D-X-2.2.2\MOONWARRIORS\PROJ.WIN32\DEBUG.WIN32\HELLOWORLDSCENE.OBJ
E:\COCOS2D-X-2.2.2\COCOS2D-X-2.2.2\MOONWARRIORS\PROJ.WIN32\DEBUG.WIN32\LEVELMANAGER.OBJ
E:\cocos2d-x-2.2.2\cocos2d-x-2.2.2\MoonWarriors\proj.win32\Debug.win32\link.6180.read.1.tlog
E:\cocos2d-x-2.2.2\cocos2d-x-2.2.2\MoonWarriors\proj.win32\Debug.win32\link.6180.write.1.tlog
E:\cocos2d-x-2.2.2\cocos2d-x-2.2.2\MoonWarriors\proj.win32\Debug.win32\link.6180-cvtres.read.1.tlog
E:\cocos2d-x-2.2.2\cocos2d-x-2.2.2\MoonWarriors\proj.win32\Debug.win32\link.6180-cvtres.write.1.tlog
E:\cocos2d-x-2.2.2\cocos2d-x-2.2.2\MoonWarriors\proj.win32\Debug.win32\link.command.1.tlog
E:\cocos2d-x-2.2.2\cocos2d-x-2.2.2\MoonWarriors\proj.win32\Debug.win32\link.read.1.tlog
E:\cocos2d-x-2.2.2\cocos2d-x-2.2.2\MoonWarriors\proj.win32\Debug.win32\link.write.1.tlog
E:\cocos2d-x-2.2.2\cocos2d-x-2.2.2\MoonWarriors\proj.win32\Debug.win32\link-cvtres.read.1.tlog
E:\cocos2d-x-2.2.2\cocos2d-x-2.2.2\MoonWarriors\proj.win32\Debug.win32\link-cvtres.write.1.tlog
E:\COCOS2D-X-2.2.2\COCOS2D-X-2.2.2\MOONWARRIORS\PROJ.WIN32\DEBUG.WIN32\MAIN.OBJ
E:\COCOS2D-X-2.2.2\COCOS2D-X-2.2.2\MOONWARRIORS\PROJ.WIN32\DEBUG.WIN32\MOONWARRIORS.RES
E:\cocos2d-x-2.2.2\cocos2d-x-2.2.2\MoonWarriors\proj.win32\Debug.win32\MoonWarriors.win32.exe.embed.manifest
E:\COCOS2D-X-2.2.2\COCOS2D-X-2.2.2\MOONWARRIORS\PROJ.WIN32\DEBUG.WIN32\MOONWARRIORS.WIN32.EXE.EMBED.MANIFEST.RES
E:\COCOS2D-X-2.2.2\COCOS2D-X-2.2.2\MOONWARRIORS\PROJ.WIN32\DEBUG.WIN32\MOONWARRIORS.WIN32.EXE.INTERMEDIATE.MANIFEST
E:\cocos2d-x-2.2.2\cocos2d-x-2.2.2\MoonWarriors\proj.win32\Debug.win32\MoonWarriors.win32_manifest.rc
E:\cocos2d-x-2.2.2\cocos2d-x-2.2.2\MoonWarriors\proj.win32\Debug.win32\mt.command.1.tlog
E:\cocos2d-x-2.2.2\cocos2d-x-2.2.2\MoonWarriors\proj.win32\Debug.win32\mt.read.1.tlog
E:\cocos2d-x-2.2.2\cocos2d-x-2.2.2\MoonWarriors\proj.win32\Debug.win32\mt.write.1.tlog
E:\COCOS2D-X-2.2.2\COCOS2D-X-2.2.2\MOONWARRIORS\PROJ.WIN32\DEBUG.WIN32\OPTIONS.OBJ
E:\COCOS2D-X-2.2.2\COCOS2D-X-2.2.2\MOONWARRIORS\PROJ.WIN32\DEBUG.WIN32\PAUSELAYER.OBJ
E:\cocos2d-x-2.2.2\cocos2d-x-2.2.2\MoonWarriors\proj.win32\Debug.win32\rc.command.1.tlog
E:\cocos2d-x-2.2.2\cocos2d-x-2.2.2\MoonWarriors\proj.win32\Debug.win32\rc.read.1.tlog
E:\cocos2d-x-2.2.2\cocos2d-x-2.2.2\MoonWarriors\proj.win32\Debug.win32\rc.write.1.tlog
E:\COCOS2D-X-2.2.2\COCOS2D-X-2.2.2\MOONWARRIORS\PROJ.WIN32\DEBUG.WIN32\SHIP.OBJ
E:\COCOS2D-X-2.2.2\COCOS2D-X-2.2.2\MOONWARRIORS\PROJ.WIN32\DEBUG.WIN32\STARTMENU.OBJ
E:\COCOS2D-X-2.2.2\COCOS2D-X-2.2.2\MOONWARRIORS\PROJ.WIN32\DEBUG.WIN32\UNITSPRITE.OBJ
E:\cocos2d-x-2.2.2\cocos2d-x-2.2.2\MoonWarriors\proj.win32\Debug.win32\vc100.idb
E:\COCOS2D-X-2.2.2\COCOS2D-X-2.2.2\MOONWARRIORS\PROJ.WIN32\DEBUG.WIN32\VC100.PDB
E:\MYWORKSPACE\COCOS2D\COCOS2D-2.1BETA3-X-2.1.1\DEBUG.WIN32\MOONWARRIORS.WIN32.EXE
E:\MYWORKSPACE\COCOS2D\COCOS2D-2.1BETA3-X-2.1.1\DEBUG.WIN32\MOONWARRIORS.WIN32.ILK
E:\MYWORKSPACE\COCOS2D\COCOS2D-2.1BETA3-X-2.1.1\DEBUG.WIN32\MOONWARRIORS.WIN32.PDB
E:\MYWORKSPACE\COCOS2D\COCOS2D-2.1BETA3-X-2.1.1\MOONWARRIORS\PROJ.WIN32\DEBUG.WIN32\ABOUT.OBJ
E:\MYWORKSPACE\COCOS2D\COCOS2D-2.1BETA3-X-2.1.1\MOONWARRIORS\PROJ.WIN32\DEBUG.WIN32\APPDELEGATE.OBJ
E:\MYWORKSPACE\COCOS2D\COCOS2D-2.1BETA3-X-2.1.1\MOONWARRIORS\PROJ.WIN32\DEBUG.WIN32\BULLET.OBJ
E:\MYWORKSPACE\COCOS2D\COCOS2D-2.1BETA3-X-2.1.1\MOONWARRIORS\PROJ.WIN32\DEBUG.WIN32\CONFIG.OBJ
E:\MYWORKSPACE\COCOS2D\COCOS2D-2.1BETA3-X-2.1.1\MOONWARRIORS\PROJ.WIN32\DEBUG.WIN32\EFFECT.OBJ
E:\MYWORKSPACE\COCOS2D\COCOS2D-2.1BETA3-X-2.1.1\MOONWARRIORS\PROJ.WIN32\DEBUG.WIN32\ENEMY.OBJ
E:\MYWORKSPACE\COCOS2D\COCOS2D-2.1BETA3-X-2.1.1\MOONWARRIORS\PROJ.WIN32\DEBUG.WIN32\GAMELAYER.OBJ
E:\MYWORKSPACE\COCOS2D\COCOS2D-2.1BETA3-X-2.1.1\MOONWARRIORS\PROJ.WIN32\DEBUG.WIN32\GAMEOVER.OBJ
E:\MYWORKSPACE\COCOS2D\COCOS2D-2.1BETA3-X-2.1.1\MOONWARRIORS\PROJ.WIN32\DEBUG.WIN32\HELLOWORLDSCENE.OBJ
E:\MYWORKSPACE\COCOS2D\COCOS2D-2.1BETA3-X-2.1.1\MOONWARRIORS\PROJ.WIN32\DEBUG.WIN32\LEVELMANAGER.OBJ
E:\MYWORKSPACE\COCOS2D\COCOS2D-2.1BETA3-X-2.1.1\MOONWARRIORS\PROJ.WIN32\DEBUG.WIN32\MAIN.OBJ
E:\MYWORKSPACE\COCOS2D\COCOS2D-2.1BETA3-X-2.1.1\MOONWARRIORS\PROJ.WIN32\DEBUG.WIN32\MOONWARRIORS.RES
E:\MYWORKSPACE\COCOS2D\COCOS2D-2.1BETA3-X-2.1.1\MOONWARRIORS\PROJ.WIN32\DEBUG.WIN32\MOONWARRIORS.WIN32.EXE.EMBED.MANIFEST.RES
E:\MYWORKSPACE\COCOS2D\COCOS2D-2.1BETA3-X-2.1.1\MOONWARRIORS\PROJ.WIN32\DEBUG.WIN32\MOONWARRIORS.WIN32.EXE.INTERMEDIATE.MANIFEST
E:\MYWORKSPACE\COCOS2D\COCOS2D-2.1BETA3-X-2.1.1\MOONWARRIORS\PROJ.WIN32\DEBUG.WIN32\OPTIONS.OBJ
E:\MYWORKSPACE\COCOS2D\COCOS2D-2.1BETA3-X-2.1.1\MOONWARRIORS\PROJ.WIN32\DEBUG.WIN32\PAUSELAYER.OBJ
E:\MYWORKSPACE\COCOS2D\COCOS2D-2.1BETA3-X-2.1.1\MOONWARRIORS\PROJ.WIN32\DEBUG.WIN32\SHIP.OBJ
E:\MYWORKSPACE\COCOS2D\COCOS2D-2.1BETA3-X-2.1.1\MOONWARRIORS\PROJ.WIN32\DEBUG.WIN32\STARTMENU.OBJ
E:\MYWORKSPACE\COCOS2D\COCOS2D-2.1BETA3-X-2.1.1\MOONWARRIORS\PROJ.WIN32\DEBUG.WIN32\UNITSPRITE.OBJ
E:\MYWORKSPACE\COCOS2D\COCOS2D-2.1BETA3-X-2.1.1\MOONWARRIORS\PROJ.WIN32\DEBUG.WIN32\VC100.PDB
E:\MYWORKSPACE\COCOS2D_WORK\COCOS2D-2.1BETA3-X-2.1.1\DEBUG.WIN32\MOONWARRIORS.WIN32.EXE
E:\MYWORKSPACE\COCOS2D_WORK\COCOS2D-2.1BETA3-X-2.1.1\DEBUG.WIN32\MOONWARRIORS.WIN32.ILK
E:\MYWORKSPACE\COCOS2D_WORK\COCOS2D-2.1BETA3-X-2.1.1\DEBUG.WIN32\MOONWARRIORS.WIN32.PDB
E:\MYWORKSPACE\COCOS2D_WORK\COCOS2D-2.1BETA3-X-2.1.1\MOONWARRIORS\PROJ.WIN32\DEBUG.WIN32\ABOUT.OBJ
E:\MYWORKSPACE\COCOS2D_WORK\COCOS2D-2.1BETA3-X-2.1.1\MOONWARRIORS\PROJ.WIN32\DEBUG.WIN32\APPDELEGATE.OBJ
E:\MYWORKSPACE\COCOS2D_WORK\COCOS2D-2.1BETA3-X-2.1.1\MOONWARRIORS\PROJ.WIN32\DEBUG.WIN32\BULLET.OBJ
E:\MYWORKSPACE\COCOS2D_WORK\COCOS2D-2.1BETA3-X-2.1.1\MOONWARRIORS\PROJ.WIN32\DEBUG.WIN32\CONFIG.OBJ
E:\MYWORKSPACE\COCOS2D_WORK\COCOS2D-2.1BETA3-X-2.1.1\MOONWARRIORS\PROJ.WIN32\DEBUG.WIN32\EFFECT.OBJ
E:\MYWORKSPACE\COCOS2D_WORK\COCOS2D-2.1BETA3-X-2.1.1\MOONWARRIORS\PROJ.WIN32\DEBUG.WIN32\ENEMY.OBJ
E:\MYWORKSPACE\COCOS2D_WORK\COCOS2D-2.1BETA3-X-2.1.1\MOONWARRIORS\PROJ.WIN32\DEBUG.WIN32\GAMELAYER.OBJ
E:\MYWORKSPACE\COCOS2D_WORK\COCOS2D-2.1BETA3-X-2.1.1\MOONWARRIORS\PROJ.WIN32\DEBUG.WIN32\GAMEOVER.OBJ
E:\MYWORKSPACE\COCOS2D_WORK\COCOS2D-2.1BETA3-X-2.1.1\MOONWARRIORS\PROJ.WIN32\DEBUG.WIN32\HELLOWORLDSCENE.OBJ
E:\MYWORKSPACE\COCOS2D_WORK\COCOS2D-2.1BETA3-X-2.1.1\MOONWARRIORS\PROJ.WIN32\DEBUG.WIN32\LEVELMANAGER.OBJ
E:\MYWORKSPACE\COCOS2D_WORK\COCOS2D-2.1BETA3-X-2.1.1\MOONWARRIORS\PROJ.WIN32\DEBUG.WIN32\MAIN.OBJ
E:\MYWORKSPACE\COCOS2D_WORK\COCOS2D-2.1BETA3-X-2.1.1\MOONWARRIORS\PROJ.WIN32\DEBUG.WIN32\MOONWARRIORS.RES
E:\MYWORKSPACE\COCOS2D_WORK\COCOS2D-2.1BETA3-X-2.1.1\MOONWARRIORS\PROJ.WIN32\DEBUG.WIN32\MOONWARRIORS.WIN32.EXE.EMBED.MANIFEST
E:\MYWORKSPACE\COCOS2D_WORK\COCOS2D-2.1BETA3-X-2.1.1\MOONWARRIORS\PROJ.WIN32\DEBUG.WIN32\MOONWARRIORS.WIN32.EXE.EMBED.MANIFEST.RES
E:\MYWORKSPACE\COCOS2D_WORK\COCOS2D-2.1BETA3-X-2.1.1\MOONWARRIORS\PROJ.WIN32\DEBUG.WIN32\MOONWARRIORS.WIN32.EXE.INTERMEDIATE.MANIFEST
E:\MYWORKSPACE\COCOS2D_WORK\COCOS2D-2.1BETA3-X-2.1.1\MOONWARRIORS\PROJ.WIN32\DEBUG.WIN32\OPTIONS.OBJ
E:\MYWORKSPACE\COCOS2D_WORK\COCOS2D-2.1BETA3-X-2.1.1\MOONWARRIORS\PROJ.WIN32\DEBUG.WIN32\PAUSELAYER.OBJ
E:\MYWORKSPACE\COCOS2D_WORK\COCOS2D-2.1BETA3-X-2.1.1\MOONWARRIORS\PROJ.WIN32\DEBUG.WIN32\SHIP.OBJ
E:\MYWORKSPACE\COCOS2D_WORK\COCOS2D-2.1BETA3-X-2.1.1\MOONWARRIORS\PROJ.WIN32\DEBUG.WIN32\STARTMENU.OBJ
E:\MYWORKSPACE\COCOS2D_WORK\COCOS2D-2.1BETA3-X-2.1.1\MOONWARRIORS\PROJ.WIN32\DEBUG.WIN32\UNITSPRITE.OBJ
E:\MYWORKSPACE\COCOS2D_WORK\COCOS2D-2.1BETA3-X-2.1.1\MOONWARRIORS\PROJ.WIN32\DEBUG.WIN32\VC100.PDB
E:\PROJECT\MOONWARRIORS\PROJ.WIN32\DEBUG.WIN32\ABOUT.OBJ
E:\PROJECT\MOONWARRIORS\PROJ.WIN32\DEBUG.WIN32\APPDELEGATE.OBJ
E:\PROJECT\MOONWARRIORS\PROJ.WIN32\DEBUG.WIN32\BULLET.OBJ
E:\PROJECT\MOONWARRIORS\PROJ.WIN32\DEBUG.WIN32\CONFIG.OBJ
E:\PROJECT\MOONWARRIORS\PROJ.WIN32\DEBUG.WIN32\EFFECT.OBJ
E:\PROJECT\MOONWARRIORS\PROJ.WIN32\DEBUG.WIN32\ENEMY.OBJ
E:\PROJECT\MOONWARRIORS\PROJ.WIN32\DEBUG.WIN32\GAMELAYER.OBJ
E:\PROJECT\MOONWARRIORS\PROJ.WIN32\DEBUG.WIN32\GAMEOVER.OBJ
E:\PROJECT\MOONWARRIORS\PROJ.WIN32\DEBUG.WIN32\HELLOWORLDSCENE.OBJ
E:\PROJECT\MOONWARRIORS\PROJ.WIN32\DEBUG.WIN32\LEVELMANAGER.OBJ
E:\PROJECT\MOONWARRIORS\PROJ.WIN32\DEBUG.WIN32\MAIN.OBJ
E:\PROJECT\MOONWARRIORS\PROJ.WIN32\DEBUG.WIN32\MOONWARRIORS.RES
E:\PROJECT\MOONWARRIORS\PROJ.WIN32\DEBUG.WIN32\MOONWARRIORS.WIN32.EXE.EMBED.MANIFEST.RES
E:\PROJECT\MOONWARRIORS\PROJ.WIN32\DEBUG.WIN32\MOONWARRIORS.WIN32.EXE.INTERMEDIATE.MANIFEST
E:\PROJECT\MOONWARRIORS\PROJ.WIN32\DEBUG.WIN32\OPTIONS.OBJ
E:\PROJECT\MOONWARRIORS\PROJ.WIN32\DEBUG.WIN32\PAUSELAYER.OBJ
E:\PROJECT\MOONWARRIORS\PROJ.WIN32\DEBUG.WIN32\SHIP.OBJ
E:\PROJECT\MOONWARRIORS\PROJ.WIN32\DEBUG.WIN32\STARTMENU.OBJ
E:\PROJECT\MOONWARRIORS\PROJ.WIN32\DEBUG.WIN32\UNITSPRITE.OBJ
E:\PROJECT\MOONWARRIORS\PROJ.WIN32\DEBUG.WIN32\VC100.PDB
